<?xml version="1.0" encoding="UTF-8"?>
<!-- Generated by org.testng.reporters.JUnitXMLReporter -->
<testsuite ignored="0" hostname="LAPTOP-0I845IR8" failures="1" tests="1" name="TestCase001" time="0.057" errors="0" timestamp="2024-08-18T21:22:44 IST">
  <testcase classname="Assertion_Demo.Sample" name="Testing" time="0.007">
    <failure type="java.lang.AssertionError">
      <![CDATA[java.lang.AssertionError
at org.junit.Assert.fail(Assert.java:86)
at org.junit.Assert.assertTrue(Assert.java:41)
at org.junit.Assert.assertTrue(Assert.java:52)
at Assertion_Demo.Sample.Testing(Sample.java:10)
at java.base/java.util.ArrayList.forEach(ArrayList.java:1541)
... Removed 27 stack frames]]>
    </failure>
  </testcase> <!-- Testing -->
</testsuite> <!-- TestCase001 -->
